[2025-09-12 11:12:26] file:///C:/Users/gorjovicgo/AppData/Local/Packages/5319275A.WhatsAppDesktop_cv1g1gvanyjgm/TempState/ABE8E03E3AC71C2EC3BFB0DE042638D8/WhatsApp Image 2025-09-09 at 09.58.13_2153d015.jpg
[2025-09-12 11:12:26] file:///C:/Users/gorjovicgo/AppData/Local/Packages/5319275A.WhatsAppDesktop_cv1g1gvanyjgm/TempState/ABE8E03E3AC71C2EC3BFB0DE042638D8/WhatsApp Image 2025-09-09 at 09.58.13_2153d015.jpg
[2025-09-12 11:12:26] file:///C:/Users/gorjovicgo/AppData/Local/Packages/5319275A.WhatsAppDesktop_cv1g1gvanyjgm/TempState/ABE8E03E3AC71C2EC3BFB0DE042638D8/WhatsApp Image 2025-09-09 at 09.58.13_2153d015.jpg
[2025-09-12 11:12:26] file:///C:/Users/gorjovicgo/AppData/Local/Packages/5319275A.WhatsAppDesktop_cv1g1gvanyjgm/TempState/ABE8E03E3AC71C2EC3BFB0DE042638D8/WhatsApp Image 2025-09-09 at 09.58.13_2153d015.jpg
[2025-09-12 11:12:38] file:///C:/Users/gorjovicgo/AppData/Local/Packages/5319275A.WhatsAppDesktop_cv1g1gvanyjgm/TempState/ABE8E03E3AC71C2EC3BFB0DE042638D8/WhatsApp Image 2025-09-09 at 09.58.13_2153d015.jpg
[2025-09-12 11:12:38] file:///C:/Users/gorjovicgo/AppData/Local/Packages/5319275A.WhatsAppDesktop_cv1g1gvanyjgm/TempState/ABE8E03E3AC71C2EC3BFB0DE042638D8/WhatsApp Image 2025-09-09 at 09.58.13_2153d015.jpg
[2025-09-12 11:12:38] file:///C:/Users/gorjovicgo/AppData/Local/Packages/5319275A.WhatsAppDesktop_cv1g1gvanyjgm/TempState/ABE8E03E3AC71C2EC3BFB0DE042638D8/WhatsApp Image 2025-09-09 at 09.58.13_2153d015.jpg
[2025-09-12 11:12:38] file:///C:/Users/gorjovicgo/AppData/Local/Packages/5319275A.WhatsAppDesktop_cv1g1gvanyjgm/TempState/ABE8E03E3AC71C2EC3BFB0DE042638D8/WhatsApp Image 2025-09-09 at 09.58.13_2153d015.jpg
[2025-09-12 11:13:31] file:///C:/Users/gorjovicgo/AppData/Local/Packages/5319275A.WhatsAppDesktop_cv1g1gvanyjgm/TempState/ABE8E03E3AC71C2EC3BFB0DE042638D8/WhatsApp Image 2025-09-09 at 09.58.13_2153d015.jpg
[2025-09-12 11:13:31] file:///C:/Users/gorjovicgo/AppData/Local/Packages/5319275A.WhatsAppDesktop_cv1g1gvanyjgm/TempState/ABE8E03E3AC71C2EC3BFB0DE042638D8/WhatsApp Image 2025-09-09 at 09.58.13_2153d015.jpg
[2025-09-12 11:13:31] file:///C:/Users/gorjovicgo/AppData/Local/Packages/5319275A.WhatsAppDesktop_cv1g1gvanyjgm/TempState/ABE8E03E3AC71C2EC3BFB0DE042638D8/WhatsApp Image 2025-09-09 at 09.58.13_2153d015.jpg
[2025-09-12 11:13:31] file:///C:/Users/gorjovicgo/AppData/Local/Packages/5319275A.WhatsAppDesktop_cv1g1gvanyjgm/TempState/ABE8E03E3AC71C2EC3BFB0DE042638D8/WhatsApp Image 2025-09-09 at 09.58.13_2153d015.jpg
[2025-09-12 11:21:36] file:///C:/Users/gorjovicgo/AppData/Local/Packages/5319275A.WhatsAppDesktop_cv1g1gvanyjgm/TempState/ABE8E03E3AC71C2EC3BFB0DE042638D8/WhatsApp Image 2025-09-09 at 09.58.13_2153d015.jpg
[2025-09-12 11:21:36] file:///C:/Users/gorjovicgo/AppData/Local/Packages/5319275A.WhatsAppDesktop_cv1g1gvanyjgm/TempState/ABE8E03E3AC71C2EC3BFB0DE042638D8/WhatsApp Image 2025-09-09 at 09.58.13_2153d015.jpg
[2025-09-12 11:21:36] file:///C:/Users/gorjovicgo/AppData/Local/Packages/5319275A.WhatsAppDesktop_cv1g1gvanyjgm/TempState/ABE8E03E3AC71C2EC3BFB0DE042638D8/WhatsApp Image 2025-09-09 at 09.58.13_2153d015.jpg
[2025-09-12 11:21:36] file:///C:/Users/gorjovicgo/AppData/Local/Packages/5319275A.WhatsAppDesktop_cv1g1gvanyjgm/TempState/ABE8E03E3AC71C2EC3BFB0DE042638D8/WhatsApp Image 2025-09-09 at 09.58.13_2153d015.jpg
[2025-09-12 11:25:58] file:///D:/_APP/LOGReport/test_token_detection_simple.py
file:///D:/_APP/LOGReport/test_token_detection.py
file:///D:/_APP/LOGReport/test_rpc_normalization.py
file:///D:/_APP/LOGReport/test_output.txt
file:///D:/_APP/LOGReport/test_node_manager_simple.py
file:///D:/_APP/LOGReport/test_multiple_tokens.py
file:///D:/_APP/LOGReport/test_context_menu_fix.py
file:///D:/_APP/LOGReport/test_token_detection_standalone.py

[2025-09-12 11:25:58] file:///D:/_APP/LOGReport/test_token_detection_simple.py
file:///D:/_APP/LOGReport/test_token_detection.py
file:///D:/_APP/LOGReport/test_rpc_normalization.py
file:///D:/_APP/LOGReport/test_output.txt
file:///D:/_APP/LOGReport/test_node_manager_simple.py
file:///D:/_APP/LOGReport/test_multiple_tokens.py
file:///D:/_APP/LOGReport/test_context_menu_fix.py
file:///D:/_APP/LOGReport/test_token_detection_standalone.py

[2025-09-12 11:25:58] file:///D:/_APP/LOGReport/test_token_detection_simple.py
file:///D:/_APP/LOGReport/test_token_detection.py
file:///D:/_APP/LOGReport/test_rpc_normalization.py
file:///D:/_APP/LOGReport/test_output.txt
file:///D:/_APP/LOGReport/test_node_manager_simple.py
file:///D:/_APP/LOGReport/test_multiple_tokens.py
file:///D:/_APP/LOGReport/test_context_menu_fix.py
file:///D:/_APP/LOGReport/test_token_detection_standalone.py

[2025-09-12 11:25:58] file:///D:/_APP/LOGReport/test_token_detection_simple.py
file:///D:/_APP/LOGReport/test_token_detection.py
file:///D:/_APP/LOGReport/test_rpc_normalization.py
file:///D:/_APP/LOGReport/test_output.txt
file:///D:/_APP/LOGReport/test_node_manager_simple.py
file:///D:/_APP/LOGReport/test_multiple_tokens.py
file:///D:/_APP/LOGReport/test_context_menu_fix.py
file:///D:/_APP/LOGReport/test_token_detection_standalone.py

[2025-09-12 11:27:00] file:///D:/_APP/LOGReport/test_token_detection_simple.py
file:///D:/_APP/LOGReport/test_token_detection.py
file:///D:/_APP/LOGReport/test_rpc_normalization.py
file:///D:/_APP/LOGReport/test_output.txt
file:///D:/_APP/LOGReport/test_node_manager_simple.py
file:///D:/_APP/LOGReport/test_multiple_tokens.py
file:///D:/_APP/LOGReport/test_context_menu_fix.py
file:///D:/_APP/LOGReport/test_token_detection_standalone.py

[2025-09-12 11:27:00] file:///D:/_APP/LOGReport/test_token_detection_simple.py
file:///D:/_APP/LOGReport/test_token_detection.py
file:///D:/_APP/LOGReport/test_rpc_normalization.py
file:///D:/_APP/LOGReport/test_output.txt
file:///D:/_APP/LOGReport/test_node_manager_simple.py
file:///D:/_APP/LOGReport/test_multiple_tokens.py
file:///D:/_APP/LOGReport/test_context_menu_fix.py
file:///D:/_APP/LOGReport/test_token_detection_standalone.py

[2025-09-12 11:27:00] file:///D:/_APP/LOGReport/test_token_detection_simple.py
file:///D:/_APP/LOGReport/test_token_detection.py
file:///D:/_APP/LOGReport/test_rpc_normalization.py
file:///D:/_APP/LOGReport/test_output.txt
file:///D:/_APP/LOGReport/test_node_manager_simple.py
file:///D:/_APP/LOGReport/test_multiple_tokens.py
file:///D:/_APP/LOGReport/test_context_menu_fix.py
file:///D:/_APP/LOGReport/test_token_detection_standalone.py

[2025-09-12 11:27:00] file:///D:/_APP/LOGReport/test_token_detection_simple.py
file:///D:/_APP/LOGReport/test_token_detection.py
file:///D:/_APP/LOGReport/test_rpc_normalization.py
file:///D:/_APP/LOGReport/test_output.txt
file:///D:/_APP/LOGReport/test_node_manager_simple.py
file:///D:/_APP/LOGReport/test_multiple_tokens.py
file:///D:/_APP/LOGReport/test_context_menu_fix.py
file:///D:/_APP/LOGReport/test_token_detection_standalone.py

