This is a log file for AP06_192-168-0-16.log.
Generated on 2025-10-12 12:12:08.Tue Feb 14 19:34:05.410 2023 Code file /bu/pcs_8.114_386 read
Tue Feb 14 19:34:05.410 2023 libDNA version 10.41
Tue Feb 14 19:34:05.410 2023 Creating name servers...
Tue Feb 14 19:34:05.411 2023 Using FBC mask 0x6
Tue Feb 14 19:34:05.411 2023 Working directory = </tmp/bu>
Tue Feb 14 19:34:05.411 2023 Reading type file /bu/@dna_acn_codes...
Tue Feb 14 19:34:05.411 2023 Reading type file :s:<bu>:all_13.5_typ
Tue Feb 14 19:34:15.802 2023 Role = PASSIVE
Tue Feb 14 19:34:15.803 2023 Connection solve rate set to 300 seconds.
Tue Feb 14 19:34:15.803 2023 Starting communication...
Tue Feb 14 19:34:19.354 2023 Fbc in slot 2: Max. I/O group respSize 50000 words
Tue Feb 14 19:34:19.354 2023 Fbc in slot 3: Max. I/O group respSize 50000 words
Tue Feb 14 19:34:19.354 2023 Loading card parameters...
Tue Feb 14 19:34:19.354 2023 Initializing PCS redundancy...
Tue Feb 14 19:34:19.354 2023 Class A sample rate: 10
Tue Feb 14 19:34:19.454 2023 Class B sample rate: 20
Tue Feb 14 19:34:19.554 2023 Class B module mask(s):
Tue Feb 14 19:34:19.654 2023 Class C module mask(s):
Tue Feb 14 19:34:19.655 2023 Loading diagnostic sensors...
Tue Feb 14 19:34:19.655 2023 pvAnnaFbcTiedot: FBC2: m_redYht=1 (redYht=0)
Tue Feb 14 19:34:19.655 2023 pvAnnaFbcTiedot: FBC3: m_redYht=1 (redYht=0)
Tue Feb 14 19:34:20.671 2023 HW diagnostics configured. Using input file '/bu/PJ-B212-M'.
Tue Feb 14 19:34:21.676 2023 HwDiag: PJ-B212-M mode
Tue Feb 14 19:34:21.738 2023 LicenseServer: initializing...
Tue Feb 14 19:34:21.739 2023 Loading license file :s:<bu>:dna_law.cfg...
Tue Feb 14 19:34:21.739 2023 Synchronizer disabled
Tue Feb 14 19:34:21.856 2023 HSEFF: feature disabled
Tue Feb 14 19:34:21.856 2023 Creating configuration task...
Tue Feb 14 19:34:21.856 2023 Creating command handler...
Tue Feb 14 19:34:21.856 2023 Application group PCS_CODE with parameter AP06
Tue Feb 14 19:34:21.856 2023 Application group A with parameter AP06
Tue Feb 14 19:34:21.856 2023 Application group PCS with parameter AP06
Tue Feb 14 19:34:21.857 2023 Starting background name query...
Tue Feb 14 19:34:21.857 2023 Reading configuration from BU:
Tue Feb 14 19:34:21.857 2023     Reading application :s:AB01:AP06...
Tue Feb 14 19:34:22.235 2023 Processing application modules...
Tue Feb 14 19:34:23.145 2023 Waiting diagnostic sensors.
Tue Feb 14 19:34:27.146 2023 Solving module connections...
Tue Feb 14 19:34:28.750 2023 AP06 0 pr:POWCALC4.F 6 56 3 pr:DG7BREAKER:ins
Tue Feb 14 19:34:30.901 2023 AP06 0 pr:07102.S 6 56 3 al:A2:07102:cem
Tue Feb 14 19:34:32.425 2023 AP06 0 pr:06971.F 6 56 3 sn:A1:EASA1.F:1eas:intern:grst12:unacknr
Tue Feb 14 19:34:33.636 2023 AP06 0 pr:06971.F 6 56 3 sn:A1:EASA1.F:1eas:intern:grst12:acknr
Tue Feb 14 19:34:34.846 2023 AP06 0 pr:06971.F 6 56 3 sn:A1:EASA1.F:1eas:intern:grst12:alcntr
Tue Feb 14 19:34:36.374 2023 AP06 0 pr:06912.S 6 56 3 al:A2:06912:cem
Tue Feb 14 19:34:37.598 2023 AP06 0 pr:07101.S 6 56 3 al:A2:07101:cem
Tue Feb 14 19:34:37.904 2023 AP06 0 di:AP06:slot02:efc63.F 6 56 3 di:AP06:slot02_FBC.F:efc63
Tue Feb 14 19:34:38.126 2023 AP06 0 di:AP06:slot03:efc63.F 6 56 3 di:AP06:slot03_FBC.F:efc63
Tue Feb 14 19:34:38.159 2023 Launching control tasks...
Tue Feb 14 19:34:39.559 2023 Application server started
Tue Feb 14 19:34:39.559 2023 AP06 0  0 1 0
Tue Feb 14 19:34:39.655 2023 Role = ACTIVATING
Tue Feb 14 19:34:39.656 2023 pvAnnaFbcTiedot: FBC2: m_redYht=0 (redYht=0)
Tue Feb 14 19:34:39.656 2023 Started lid activator helper
Tue Feb 14 19:34:40.557 2023 Role = ACTIVE
Tue Feb 14 19:34:40.557 2023 pvAnnaFbcTiedot: FBC2: m_redYht=0 (redYht=0)
Tue Feb 14 19:34:41.163 2023 Chain size 6000
Tue Feb 14 19:34:47.211 2023 Lost connection to AP05
Tue Feb 14 19:34:47.211 2023 Lost connection to AP05
Tue Feb 14 19:34:47.261 2023 Lost connection to A2A1
Tue Feb 14 19:34:47.261 2023 Lost connection to AP02
Tue Feb 14 19:34:47.261 2023 Lost connection to A2A1
Tue Feb 14 19:34:47.261 2023 Lost connection to AP02
Tue Feb 14 19:34:47.261 2023 Lost connection to AP05
Thu Feb 16 13:29:04.868 2023 Lost connection to AP05
Thu Feb 16 13:29:05.168 2023 Lost connection to AP05
Thu Feb 16 13:29:05.268 2023 Lost connection to AP05
Thu Feb 16 22:48:44.296 2023 ekSender: transmit to AP02m (181032c) fails (0x808f)
Thu Feb 16 22:48:44.327 2023 ekSender: transmit to AP02m (181032c) fails (0x808f)
Thu Feb 16 22:48:44.359 2023 ekSender: transmit to AP02m (181032c) fails (0x808f)
Thu Feb 23 11:14:12.707 2023 Lost connection to A1A1
Thu Feb 23 11:14:13.307 2023 Lost connection to A1A1
Sat Feb 25 12:16:47.429 2023 AP06 16782330 pr:07102.S 6 56 3 al:A2:07102:alm:ackstat
Sat Feb 25 12:16:47.429 2023 AP06 16782330 pr:07102.S 6 56 3 al:A2:07102:cem
Sat Feb 25 12:16:47.429 2023 AP06 16782330 pr:06971.F 6 56 3 sn:A1:EASA1.F:1eas:intern:grst12:unacknr
Sat Feb 25 12:16:47.429 2023 AP06 16782330 pr:06971.F 6 56 3 sn:A1:EASA1.F:1eas:intern:grst12:acknr
Sat Feb 25 12:16:47.430 2023 AP06 16782330 pr:06971.F 6 56 3 sn:A1:EASA1.F:1eas:intern:grst12:alcntr
Sat Feb 25 12:16:47.430 2023 AP06 16782330 pr:06912.S 6 56 3 al:A2:06912:cem
Sat Feb 25 12:16:47.430 2023 AP06 16782330 pr:06912.S 6 56 3 al:A2:06912:alm:ackstat
Sat Feb 25 12:16:47.430 2023 AP06 16782330 pr:07101.S 6 56 3 al:A2:07101:alm:ackstat
Sat Feb 25 12:16:47.430 2023 AP06 16782330 pr:07101.S 6 56 3 al:A2:07101:cem
Sat Feb 25 12:16:47.430 2023 AP06 16782330 di:AP06:slot02:efc63.F 6 56 3 di:AP06:slot02_FBC.F:efc63
Sat Feb 25 12:16:47.430 2023 AP06 16782330 di:AP06:slot03:efc63.F 6 56 3 di:AP06:slot03_FBC.F:efc63
Sat Feb 25 12:16:47.430 2023 AP06 16782330  0 0 0
Fri Sep 26 07:29:00.797 2025 ekSender: transmit to AP02r (3810c2c) fails (0x808f)
Fri Sep 26 07:29:00.819 2025 ekSender: transmit to AP02r (3810c2c) fails (0x808f)
Fri Sep 26 07:29:00.841 2025 ekSender: transmit to AP02r (3810c2c) fails (0x808f)
Fri Sep 26 07:45:05.016 2025 ekSender: transmit to AP02m (1810f2c) fails (0x808f)
Fri Sep 26 07:45:05.038 2025 ekSender: transmit to AP02m (1810f2c) fails (0x808f)
Fri Sep 26 07:45:05.060 2025 ekSender: transmit to AP02m (1810f2c) fails (0x808f)
**** Now the future log: ****
[2025-10-12 12:13:53] C:\Users\ADMINI~1\AppData\Local\Temp\1\_MEI380282\BsTool.exe -errlog AP06
BsTool execution successful: 90 lines captured
Tue Feb 14 19:34:05.410 2023 Code file /bu/pcs_8.114_386 read
Tue Feb 14 19:34:05.410 2023 libDNA version 10.41
Tue Feb 14 19:34:05.410 2023 Creating name servers...
Tue Feb 14 19:34:05.411 2023 Using FBC mask 0x6
Tue Feb 14 19:34:05.411 2023 Working directory = </tmp/bu>
Tue Feb 14 19:34:05.411 2023 Reading type file /bu/@dna_acn_codes...
Tue Feb 14 19:34:05.411 2023 Reading type file :s:<bu>:all_13.5_typ
Tue Feb 14 19:34:15.802 2023 Role = PASSIVE
Tue Feb 14 19:34:15.803 2023 Connection solve rate set to 300 seconds.
Tue Feb 14 19:34:15.803 2023 Starting communication...
Tue Feb 14 19:34:19.354 2023 Fbc in slot 2: Max. I/O group respSize 50000 words
Tue Feb 14 19:34:19.354 2023 Fbc in slot 3: Max. I/O group respSize 50000 words
Tue Feb 14 19:34:19.354 2023 Loading card parameters...
Tue Feb 14 19:34:19.354 2023 Initializing PCS redundancy...
Tue Feb 14 19:34:19.354 2023 Class A sample rate: 10
Tue Feb 14 19:34:19.454 2023 Class B sample rate: 20
Tue Feb 14 19:34:19.554 2023 Class B module mask(s):
Tue Feb 14 19:34:19.654 2023 Class C module mask(s):
Tue Feb 14 19:34:19.655 2023 Loading diagnostic sensors...
Tue Feb 14 19:34:19.655 2023 pvAnnaFbcTiedot: FBC2: m_redYht=1 (redYht=0)
Tue Feb 14 19:34:19.655 2023 pvAnnaFbcTiedot: FBC3: m_redYht=1 (redYht=0)
Tue Feb 14 19:34:20.671 2023 HW diagnostics configured. Using input file '/bu/PJ-B212-M'.
Tue Feb 14 19:34:21.676 2023 HwDiag: PJ-B212-M mode
Tue Feb 14 19:34:21.738 2023 LicenseServer: initializing...
Tue Feb 14 19:34:21.739 2023 Loading license file :s:<bu>:dna_law.cfg...
Tue Feb 14 19:34:21.739 2023 Synchronizer disabled
Tue Feb 14 19:34:21.856 2023 HSEFF: feature disabled
Tue Feb 14 19:34:21.856 2023 Creating configuration task...
Tue Feb 14 19:34:21.856 2023 Creating command handler...
Tue Feb 14 19:34:21.856 2023 Application group PCS_CODE with parameter AP06
Tue Feb 14 19:34:21.856 2023 Application group A with parameter AP06
Tue Feb 14 19:34:21.856 2023 Application group PCS with parameter AP06
Tue Feb 14 19:34:21.857 2023 Starting background name query...
Tue Feb 14 19:34:21.857 2023 Reading configuration from BU:
Tue Feb 14 19:34:21.857 2023     Reading application :s:AB01:AP06...
Tue Feb 14 19:34:22.235 2023 Processing application modules...
Tue Feb 14 19:34:23.145 2023 Waiting diagnostic sensors.
Tue Feb 14 19:34:27.146 2023 Solving module connections...
Tue Feb 14 19:34:28.750 2023 AP06 0 pr:POWCALC4.F 6 56 3 pr:DG7BREAKER:ins
Tue Feb 14 19:34:30.901 2023 AP06 0 pr:07102.S 6 56 3 al:A2:07102:cem
Tue Feb 14 19:34:32.425 2023 AP06 0 pr:06971.F 6 56 3 sn:A1:EASA1.F:1eas:intern:grst12:unacknr
Tue Feb 14 19:34:33.636 2023 AP06 0 pr:06971.F 6 56 3 sn:A1:EASA1.F:1eas:intern:grst12:acknr
Tue Feb 14 19:34:34.846 2023 AP06 0 pr:06971.F 6 56 3 sn:A1:EASA1.F:1eas:intern:grst12:alcntr
Tue Feb 14 19:34:36.374 2023 AP06 0 pr:06912.S 6 56 3 al:A2:06912:cem
Tue Feb 14 19:34:37.598 2023 AP06 0 pr:07101.S 6 56 3 al:A2:07101:cem
Tue Feb 14 19:34:37.904 2023 AP06 0 di:AP06:slot02:efc63.F 6 56 3 di:AP06:slot02_FBC.F:efc63
Tue Feb 14 19:34:38.126 2023 AP06 0 di:AP06:slot03:efc63.F 6 56 3 di:AP06:slot03_FBC.F:efc63
Tue Feb 14 19:34:38.159 2023 Launching control tasks...
Tue Feb 14 19:34:39.559 2023 Application server started
Tue Feb 14 19:34:39.559 2023 AP06 0  0 1 0
Tue Feb 14 19:34:39.655 2023 Role = ACTIVATING
Tue Feb 14 19:34:39.656 2023 pvAnnaFbcTiedot: FBC2: m_redYht=0 (redYht=0)
Tue Feb 14 19:34:39.656 2023 Started lid activator helper
Tue Feb 14 19:34:40.557 2023 Role = ACTIVE
Tue Feb 14 19:34:40.557 2023 pvAnnaFbcTiedot: FBC2: m_redYht=0 (redYht=0)
Tue Feb 14 19:34:41.163 2023 Chain size 6000
Tue Feb 14 19:34:47.211 2023 Lost connection to AP05
Tue Feb 14 19:34:47.211 2023 Lost connection to AP05
Tue Feb 14 19:34:47.261 2023 Lost connection to A2A1
Tue Feb 14 19:34:47.261 2023 Lost connection to AP02
Tue Feb 14 19:34:47.261 2023 Lost connection to A2A1
Tue Feb 14 19:34:47.261 2023 Lost connection to AP02
Tue Feb 14 19:34:47.261 2023 Lost connection to AP05
Thu Feb 16 13:29:04.868 2023 Lost connection to AP05
Thu Feb 16 13:29:05.168 2023 Lost connection to AP05
Thu Feb 16 13:29:05.268 2023 Lost connection to AP05
Thu Feb 16 22:48:44.296 2023 ekSender: transmit to AP02m (181032c) fails (0x808f)
Thu Feb 16 22:48:44.327 2023 ekSender: transmit to AP02m (181032c) fails (0x808f)
Thu Feb 16 22:48:44.359 2023 ekSender: transmit to AP02m (181032c) fails (0x808f)
Thu Feb 23 11:14:12.707 2023 Lost connection to A1A1
Thu Feb 23 11:14:13.307 2023 Lost connection to A1A1
Sat Feb 25 12:16:47.429 2023 AP06 16782330 pr:07102.S 6 56 3 al:A2:07102:alm:ackstat
Sat Feb 25 12:16:47.429 2023 AP06 16782330 pr:07102.S 6 56 3 al:A2:07102:cem
Sat Feb 25 12:16:47.429 2023 AP06 16782330 pr:06971.F 6 56 3 sn:A1:EASA1.F:1eas:intern:grst12:unacknr
Sat Feb 25 12:16:47.429 2023 AP06 16782330 pr:06971.F 6 56 3 sn:A1:EASA1.F:1eas:intern:grst12:acknr
Sat Feb 25 12:16:47.430 2023 AP06 16782330 pr:06971.F 6 56 3 sn:A1:EASA1.F:1eas:intern:grst12:alcntr
Sat Feb 25 12:16:47.430 2023 AP06 16782330 pr:06912.S 6 56 3 al:A2:06912:cem
Sat Feb 25 12:16:47.430 2023 AP06 16782330 pr:06912.S 6 56 3 al:A2:06912:alm:ackstat
Sat Feb 25 12:16:47.430 2023 AP06 16782330 pr:07101.S 6 56 3 al:A2:07101:alm:ackstat
Sat Feb 25 12:16:47.430 2023 AP06 16782330 pr:07101.S 6 56 3 al:A2:07101:cem
Sat Feb 25 12:16:47.430 2023 AP06 16782330 di:AP06:slot02:efc63.F 6 56 3 di:AP06:slot02_FBC.F:efc63
Sat Feb 25 12:16:47.430 2023 AP06 16782330 di:AP06:slot03:efc63.F 6 56 3 di:AP06:slot03_FBC.F:efc63
Sat Feb 25 12:16:47.430 2023 AP06 16782330  0 0 0
Fri Sep 26 07:29:00.797 2025 ekSender: transmit to AP02r (3810c2c) fails (0x808f)
Fri Sep 26 07:29:00.819 2025 ekSender: transmit to AP02r (3810c2c) fails (0x808f)
Fri Sep 26 07:29:00.841 2025 ekSender: transmit to AP02r (3810c2c) fails (0x808f)
Fri Sep 26 07:45:05.016 2025 ekSender: transmit to AP02m (1810f2c) fails (0x808f)
Fri Sep 26 07:45:05.038 2025 ekSender: transmit to AP02m (1810f2c) fails (0x808f)
Fri Sep 26 07:45:05.060 2025 ekSender: transmit to AP02m (1810f2c) fails (0x808f)
**** Now the future log: ****
[2025-10-12 15:45:17] C:\Users\ADMINI~1\AppData\Local\Temp\1\_MEI321762\BsTool.exe -errlog AP06
Tue Feb 14 19:34:05.410 2023 Code file /bu/pcs_8.114_386 read
Tue Feb 14 19:34:05.410 2023 libDNA version 10.41
Tue Feb 14 19:34:05.410 2023 Creating name servers...
Tue Feb 14 19:34:05.411 2023 Using FBC mask 0x6
Tue Feb 14 19:34:05.411 2023 Working directory = </tmp/bu>
Tue Feb 14 19:34:05.411 2023 Reading type file /bu/@dna_acn_codes...
Tue Feb 14 19:34:05.411 2023 Reading type file :s:<bu>:all_13.5_typ
Tue Feb 14 19:34:15.802 2023 Role = PASSIVE
Tue Feb 14 19:34:15.803 2023 Connection solve rate set to 300 seconds.
Tue Feb 14 19:34:15.803 2023 Starting communication...
Tue Feb 14 19:34:19.354 2023 Fbc in slot 2: Max. I/O group respSize 50000 words
Tue Feb 14 19:34:19.354 2023 Fbc in slot 3: Max. I/O group respSize 50000 words
Tue Feb 14 19:34:19.354 2023 Loading card parameters...
Tue Feb 14 19:34:19.354 2023 Initializing PCS redundancy...
Tue Feb 14 19:34:19.354 2023 Class A sample rate: 10
Tue Feb 14 19:34:19.454 2023 Class B sample rate: 20
Tue Feb 14 19:34:19.554 2023 Class B module mask(s):
Tue Feb 14 19:34:19.654 2023 Class C module mask(s):
Tue Feb 14 19:34:19.655 2023 Loading diagnostic sensors...
Tue Feb 14 19:34:19.655 2023 pvAnnaFbcTiedot: FBC2: m_redYht=1 (redYht=0)
Tue Feb 14 19:34:19.655 2023 pvAnnaFbcTiedot: FBC3: m_redYht=1 (redYht=0)
Tue Feb 14 19:34:20.671 2023 HW diagnostics configured. Using input file '/bu/PJ-B212-M'.
Tue Feb 14 19:34:21.676 2023 HwDiag: PJ-B212-M mode
Tue Feb 14 19:34:21.738 2023 LicenseServer: initializing...
Tue Feb 14 19:34:21.739 2023 Loading license file :s:<bu>:dna_law.cfg...
Tue Feb 14 19:34:21.739 2023 Synchronizer disabled
Tue Feb 14 19:34:21.856 2023 HSEFF: feature disabled
Tue Feb 14 19:34:21.856 2023 Creating configuration task...
Tue Feb 14 19:34:21.856 2023 Creating command handler...
Tue Feb 14 19:34:21.856 2023 Application group PCS_CODE with parameter AP06
Tue Feb 14 19:34:21.856 2023 Application group A with parameter AP06
Tue Feb 14 19:34:21.856 2023 Application group PCS with parameter AP06
Tue Feb 14 19:34:21.857 2023 Starting background name query...
Tue Feb 14 19:34:21.857 2023 Reading configuration from BU:
Tue Feb 14 19:34:21.857 2023     Reading application :s:AB01:AP06...
Tue Feb 14 19:34:22.235 2023 Processing application modules...
Tue Feb 14 19:34:23.145 2023 Waiting diagnostic sensors.
Tue Feb 14 19:34:27.146 2023 Solving module connections...
Tue Feb 14 19:34:28.750 2023 AP06 0 pr:POWCALC4.F 6 56 3 pr:DG7BREAKER:ins
Tue Feb 14 19:34:30.901 2023 AP06 0 pr:07102.S 6 56 3 al:A2:07102:cem
Tue Feb 14 19:34:32.425 2023 AP06 0 pr:06971.F 6 56 3 sn:A1:EASA1.F:1eas:intern:grst12:unacknr
Tue Feb 14 19:34:33.636 2023 AP06 0 pr:06971.F 6 56 3 sn:A1:EASA1.F:1eas:intern:grst12:acknr
Tue Feb 14 19:34:34.846 2023 AP06 0 pr:06971.F 6 56 3 sn:A1:EASA1.F:1eas:intern:grst12:alcntr
Tue Feb 14 19:34:36.374 2023 AP06 0 pr:06912.S 6 56 3 al:A2:06912:cem
Tue Feb 14 19:34:37.598 2023 AP06 0 pr:07101.S 6 56 3 al:A2:07101:cem
Tue Feb 14 19:34:37.904 2023 AP06 0 di:AP06:slot02:efc63.F 6 56 3 di:AP06:slot02_FBC.F:efc63
Tue Feb 14 19:34:38.126 2023 AP06 0 di:AP06:slot03:efc63.F 6 56 3 di:AP06:slot03_FBC.F:efc63
Tue Feb 14 19:34:38.159 2023 Launching control tasks...
Tue Feb 14 19:34:39.559 2023 Application server started
Tue Feb 14 19:34:39.559 2023 AP06 0  0 1 0
Tue Feb 14 19:34:39.655 2023 Role = ACTIVATING
Tue Feb 14 19:34:39.656 2023 pvAnnaFbcTiedot: FBC2: m_redYht=0 (redYht=0)
Tue Feb 14 19:34:39.656 2023 Started lid activator helper
Tue Feb 14 19:34:40.557 2023 Role = ACTIVE
Tue Feb 14 19:34:40.557 2023 pvAnnaFbcTiedot: FBC2: m_redYht=0 (redYht=0)
Tue Feb 14 19:34:41.163 2023 Chain size 6000
Tue Feb 14 19:34:47.211 2023 Lost connection to AP05
Tue Feb 14 19:34:47.211 2023 Lost connection to AP05
Tue Feb 14 19:34:47.261 2023 Lost connection to A2A1
Tue Feb 14 19:34:47.261 2023 Lost connection to AP02
Tue Feb 14 19:34:47.261 2023 Lost connection to A2A1
Tue Feb 14 19:34:47.261 2023 Lost connection to AP02
Tue Feb 14 19:34:47.261 2023 Lost connection to AP05
Thu Feb 16 13:29:04.868 2023 Lost connection to AP05
Thu Feb 16 13:29:05.168 2023 Lost connection to AP05
Thu Feb 16 13:29:05.268 2023 Lost connection to AP05
Thu Feb 16 22:48:44.296 2023 ekSender: transmit to AP02m (181032c) fails (0x808f)
Thu Feb 16 22:48:44.327 2023 ekSender: transmit to AP02m (181032c) fails (0x808f)
Thu Feb 16 22:48:44.359 2023 ekSender: transmit to AP02m (181032c) fails (0x808f)
Thu Feb 23 11:14:12.707 2023 Lost connection to A1A1
Thu Feb 23 11:14:13.307 2023 Lost connection to A1A1
Sat Feb 25 12:16:47.429 2023 AP06 16782330 pr:07102.S 6 56 3 al:A2:07102:alm:ackstat
Sat Feb 25 12:16:47.429 2023 AP06 16782330 pr:07102.S 6 56 3 al:A2:07102:cem
Sat Feb 25 12:16:47.429 2023 AP06 16782330 pr:06971.F 6 56 3 sn:A1:EASA1.F:1eas:intern:grst12:unacknr
Sat Feb 25 12:16:47.429 2023 AP06 16782330 pr:06971.F 6 56 3 sn:A1:EASA1.F:1eas:intern:grst12:acknr
Sat Feb 25 12:16:47.430 2023 AP06 16782330 pr:06971.F 6 56 3 sn:A1:EASA1.F:1eas:intern:grst12:alcntr
Sat Feb 25 12:16:47.430 2023 AP06 16782330 pr:06912.S 6 56 3 al:A2:06912:cem
Sat Feb 25 12:16:47.430 2023 AP06 16782330 pr:06912.S 6 56 3 al:A2:06912:alm:ackstat
Sat Feb 25 12:16:47.430 2023 AP06 16782330 pr:07101.S 6 56 3 al:A2:07101:alm:ackstat
Sat Feb 25 12:16:47.430 2023 AP06 16782330 pr:07101.S 6 56 3 al:A2:07101:cem
Sat Feb 25 12:16:47.430 2023 AP06 16782330 di:AP06:slot02:efc63.F 6 56 3 di:AP06:slot02_FBC.F:efc63
Sat Feb 25 12:16:47.430 2023 AP06 16782330 di:AP06:slot03:efc63.F 6 56 3 di:AP06:slot03_FBC.F:efc63
Sat Feb 25 12:16:47.430 2023 AP06 16782330  0 0 0
Fri Sep 26 07:29:00.797 2025 ekSender: transmit to AP02r (3810c2c) fails (0x808f)
Fri Sep 26 07:29:00.819 2025 ekSender: transmit to AP02r (3810c2c) fails (0x808f)
Fri Sep 26 07:29:00.841 2025 ekSender: transmit to AP02r (3810c2c) fails (0x808f)
Fri Sep 26 07:45:05.016 2025 ekSender: transmit to AP02m (1810f2c) fails (0x808f)
Fri Sep 26 07:45:05.038 2025 ekSender: transmit to AP02m (1810f2c) fails (0x808f)
Fri Sep 26 07:45:05.060 2025 ekSender: transmit to AP02m (1810f2c) fails (0x808f)
**** Now the future log: ****
Tue Feb 14 19:34:05.410 2023 Code file /bu/pcs_8.114_386 read
Tue Feb 14 19:34:05.410 2023 libDNA version 10.41
Tue Feb 14 19:34:05.410 2023 Creating name servers...
Tue Feb 14 19:34:05.411 2023 Using FBC mask 0x6
Tue Feb 14 19:34:05.411 2023 Working directory = </tmp/bu>
Tue Feb 14 19:34:05.411 2023 Reading type file /bu/@dna_acn_codes...
Tue Feb 14 19:34:05.411 2023 Reading type file :s:<bu>:all_13.5_typ
Tue Feb 14 19:34:15.802 2023 Role = PASSIVE
Tue Feb 14 19:34:15.803 2023 Connection solve rate set to 300 seconds.
Tue Feb 14 19:34:15.803 2023 Starting communication...
Tue Feb 14 19:34:19.354 2023 Fbc in slot 2: Max. I/O group respSize 50000 words
Tue Feb 14 19:34:19.354 2023 Fbc in slot 3: Max. I/O group respSize 50000 words
Tue Feb 14 19:34:19.354 2023 Loading card parameters...
Tue Feb 14 19:34:19.354 2023 Initializing PCS redundancy...
Tue Feb 14 19:34:19.354 2023 Class A sample rate: 10
Tue Feb 14 19:34:19.454 2023 Class B sample rate: 20
Tue Feb 14 19:34:19.554 2023 Class B module mask(s):
Tue Feb 14 19:34:19.654 2023 Class C module mask(s):
Tue Feb 14 19:34:19.655 2023 Loading diagnostic sensors...
Tue Feb 14 19:34:19.655 2023 pvAnnaFbcTiedot: FBC2: m_redYht=1 (redYht=0)
Tue Feb 14 19:34:19.655 2023 pvAnnaFbcTiedot: FBC3: m_redYht=1 (redYht=0)
Tue Feb 14 19:34:20.671 2023 HW diagnostics configured. Using input file '/bu/PJ-B212-M'.
Tue Feb 14 19:34:21.676 2023 HwDiag: PJ-B212-M mode
Tue Feb 14 19:34:21.738 2023 LicenseServer: initializing...
Tue Feb 14 19:34:21.739 2023 Loading license file :s:<bu>:dna_law.cfg...
Tue Feb 14 19:34:21.739 2023 Synchronizer disabled
Tue Feb 14 19:34:21.856 2023 HSEFF: feature disabled
Tue Feb 14 19:34:21.856 2023 Creating configuration task...
Tue Feb 14 19:34:21.856 2023 Creating command handler...
Tue Feb 14 19:34:21.856 2023 Application group PCS_CODE with parameter AP06
Tue Feb 14 19:34:21.856 2023 Application group A with parameter AP06
Tue Feb 14 19:34:21.856 2023 Application group PCS with parameter AP06
Tue Feb 14 19:34:21.857 2023 Starting background name query...
Tue Feb 14 19:34:21.857 2023 Reading configuration from BU:
Tue Feb 14 19:34:21.857 2023     Reading application :s:AB01:AP06...
Tue Feb 14 19:34:22.235 2023 Processing application modules...
Tue Feb 14 19:34:23.145 2023 Waiting diagnostic sensors.
Tue Feb 14 19:34:27.146 2023 Solving module connections...
Tue Feb 14 19:34:28.750 2023 AP06 0 pr:POWCALC4.F 6 56 3 pr:DG7BREAKER:ins
Tue Feb 14 19:34:30.901 2023 AP06 0 pr:07102.S 6 56 3 al:A2:07102:cem
Tue Feb 14 19:34:32.425 2023 AP06 0 pr:06971.F 6 56 3 sn:A1:EASA1.F:1eas:intern:grst12:unacknr
Tue Feb 14 19:34:33.636 2023 AP06 0 pr:06971.F 6 56 3 sn:A1:EASA1.F:1eas:intern:grst12:acknr
Tue Feb 14 19:34:34.846 2023 AP06 0 pr:06971.F 6 56 3 sn:A1:EASA1.F:1eas:intern:grst12:alcntr
Tue Feb 14 19:34:36.374 2023 AP06 0 pr:06912.S 6 56 3 al:A2:06912:cem
Tue Feb 14 19:34:37.598 2023 AP06 0 pr:07101.S 6 56 3 al:A2:07101:cem
Tue Feb 14 19:34:37.904 2023 AP06 0 di:AP06:slot02:efc63.F 6 56 3 di:AP06:slot02_FBC.F:efc63
Tue Feb 14 19:34:38.126 2023 AP06 0 di:AP06:slot03:efc63.F 6 56 3 di:AP06:slot03_FBC.F:efc63
Tue Feb 14 19:34:38.159 2023 Launching control tasks...
Tue Feb 14 19:34:39.559 2023 Application server started
Tue Feb 14 19:34:39.559 2023 AP06 0  0 1 0
Tue Feb 14 19:34:39.655 2023 Role = ACTIVATING
Tue Feb 14 19:34:39.656 2023 pvAnnaFbcTiedot: FBC2: m_redYht=0 (redYht=0)
Tue Feb 14 19:34:39.656 2023 Started lid activator helper
Tue Feb 14 19:34:40.557 2023 Role = ACTIVE
Tue Feb 14 19:34:40.557 2023 pvAnnaFbcTiedot: FBC2: m_redYht=0 (redYht=0)
Tue Feb 14 19:34:41.163 2023 Chain size 6000
Tue Feb 14 19:34:47.211 2023 Lost connection to AP05
Tue Feb 14 19:34:47.211 2023 Lost connection to AP05
Tue Feb 14 19:34:47.261 2023 Lost connection to A2A1
Tue Feb 14 19:34:47.261 2023 Lost connection to AP02
Tue Feb 14 19:34:47.261 2023 Lost connection to A2A1
Tue Feb 14 19:34:47.261 2023 Lost connection to AP02
Tue Feb 14 19:34:47.261 2023 Lost connection to AP05
Thu Feb 16 13:29:04.868 2023 Lost connection to AP05
Thu Feb 16 13:29:05.168 2023 Lost connection to AP05
Thu Feb 16 13:29:05.268 2023 Lost connection to AP05
Thu Feb 16 22:48:44.296 2023 ekSender: transmit to AP02m (181032c) fails (0x808f)
Thu Feb 16 22:48:44.327 2023 ekSender: transmit to AP02m (181032c) fails (0x808f)
Thu Feb 16 22:48:44.359 2023 ekSender: transmit to AP02m (181032c) fails (0x808f)
Thu Feb 23 11:14:12.707 2023 Lost connection to A1A1
Thu Feb 23 11:14:13.307 2023 Lost connection to A1A1
Sat Feb 25 12:16:47.429 2023 AP06 16782330 pr:07102.S 6 56 3 al:A2:07102:alm:ackstat
Sat Feb 25 12:16:47.429 2023 AP06 16782330 pr:07102.S 6 56 3 al:A2:07102:cem
Sat Feb 25 12:16:47.429 2023 AP06 16782330 pr:06971.F 6 56 3 sn:A1:EASA1.F:1eas:intern:grst12:unacknr
Sat Feb 25 12:16:47.429 2023 AP06 16782330 pr:06971.F 6 56 3 sn:A1:EASA1.F:1eas:intern:grst12:acknr
Sat Feb 25 12:16:47.430 2023 AP06 16782330 pr:06971.F 6 56 3 sn:A1:EASA1.F:1eas:intern:grst12:alcntr
Sat Feb 25 12:16:47.430 2023 AP06 16782330 pr:06912.S 6 56 3 al:A2:06912:cem
Sat Feb 25 12:16:47.430 2023 AP06 16782330 pr:06912.S 6 56 3 al:A2:06912:alm:ackstat
Sat Feb 25 12:16:47.430 2023 AP06 16782330 pr:07101.S 6 56 3 al:A2:07101:alm:ackstat
Sat Feb 25 12:16:47.430 2023 AP06 16782330 pr:07101.S 6 56 3 al:A2:07101:cem
Sat Feb 25 12:16:47.430 2023 AP06 16782330 di:AP06:slot02:efc63.F 6 56 3 di:AP06:slot02_FBC.F:efc63
Sat Feb 25 12:16:47.430 2023 AP06 16782330 di:AP06:slot03:efc63.F 6 56 3 di:AP06:slot03_FBC.F:efc63
Sat Feb 25 12:16:47.430 2023 AP06 16782330  0 0 0
Fri Sep 26 07:29:00.797 2025 ekSender: transmit to AP02r (3810c2c) fails (0x808f)
Fri Sep 26 07:29:00.819 2025 ekSender: transmit to AP02r (3810c2c) fails (0x808f)
Fri Sep 26 07:29:00.841 2025 ekSender: transmit to AP02r (3810c2c) fails (0x808f)
Fri Sep 26 07:45:05.016 2025 ekSender: transmit to AP02m (1810f2c) fails (0x808f)
Fri Sep 26 07:45:05.038 2025 ekSender: transmit to AP02m (1810f2c) fails (0x808f)
Fri Sep 26 07:45:05.060 2025 ekSender: transmit to AP02m (1810f2c) fails (0x808f)
**** Now the future log: ****
[2025-10-13 08:20:59] C:\Users\ADMINI~1\AppData\Local\Temp\1\_MEI503162\BsTool.exe -errlog AP06
Tue Feb 14 19:34:05.410 2023 Code file /bu/pcs_8.114_386 read
Tue Feb 14 19:34:05.410 2023 libDNA version 10.41
Tue Feb 14 19:34:05.410 2023 Creating name servers...
Tue Feb 14 19:34:05.411 2023 Using FBC mask 0x6
Tue Feb 14 19:34:05.411 2023 Working directory = </tmp/bu>
Tue Feb 14 19:34:05.411 2023 Reading type file /bu/@dna_acn_codes...
Tue Feb 14 19:34:05.411 2023 Reading type file :s:<bu>:all_13.5_typ
Tue Feb 14 19:34:15.802 2023 Role = PASSIVE
Tue Feb 14 19:34:15.803 2023 Connection solve rate set to 300 seconds.
Tue Feb 14 19:34:15.803 2023 Starting communication...
Tue Feb 14 19:34:19.354 2023 Fbc in slot 2: Max. I/O group respSize 50000 words
Tue Feb 14 19:34:19.354 2023 Fbc in slot 3: Max. I/O group respSize 50000 words
Tue Feb 14 19:34:19.354 2023 Loading card parameters...
Tue Feb 14 19:34:19.354 2023 Initializing PCS redundancy...
Tue Feb 14 19:34:19.354 2023 Class A sample rate: 10
Tue Feb 14 19:34:19.454 2023 Class B sample rate: 20
Tue Feb 14 19:34:19.554 2023 Class B module mask(s):
Tue Feb 14 19:34:19.654 2023 Class C module mask(s):
Tue Feb 14 19:34:19.655 2023 Loading diagnostic sensors...
Tue Feb 14 19:34:19.655 2023 pvAnnaFbcTiedot: FBC2: m_redYht=1 (redYht=0)
Tue Feb 14 19:34:19.655 2023 pvAnnaFbcTiedot: FBC3: m_redYht=1 (redYht=0)
Tue Feb 14 19:34:20.671 2023 HW diagnostics configured. Using input file '/bu/PJ-B212-M'.
Tue Feb 14 19:34:21.676 2023 HwDiag: PJ-B212-M mode
Tue Feb 14 19:34:21.738 2023 LicenseServer: initializing...
Tue Feb 14 19:34:21.739 2023 Loading license file :s:<bu>:dna_law.cfg...
Tue Feb 14 19:34:21.739 2023 Synchronizer disabled
Tue Feb 14 19:34:21.856 2023 HSEFF: feature disabled
Tue Feb 14 19:34:21.856 2023 Creating configuration task...
Tue Feb 14 19:34:21.856 2023 Creating command handler...
Tue Feb 14 19:34:21.856 2023 Application group PCS_CODE with parameter AP06
Tue Feb 14 19:34:21.856 2023 Application group A with parameter AP06
Tue Feb 14 19:34:21.856 2023 Application group PCS with parameter AP06
Tue Feb 14 19:34:21.857 2023 Starting background name query...
Tue Feb 14 19:34:21.857 2023 Reading configuration from BU:
Tue Feb 14 19:34:21.857 2023     Reading application :s:AB01:AP06...
Tue Feb 14 19:34:22.235 2023 Processing application modules...
Tue Feb 14 19:34:23.145 2023 Waiting diagnostic sensors.
Tue Feb 14 19:34:27.146 2023 Solving module connections...
Tue Feb 14 19:34:28.750 2023 AP06 0 pr:POWCALC4.F 6 56 3 pr:DG7BREAKER:ins
Tue Feb 14 19:34:30.901 2023 AP06 0 pr:07102.S 6 56 3 al:A2:07102:cem
Tue Feb 14 19:34:32.425 2023 AP06 0 pr:06971.F 6 56 3 sn:A1:EASA1.F:1eas:intern:grst12:unacknr
Tue Feb 14 19:34:33.636 2023 AP06 0 pr:06971.F 6 56 3 sn:A1:EASA1.F:1eas:intern:grst12:acknr
Tue Feb 14 19:34:34.846 2023 AP06 0 pr:06971.F 6 56 3 sn:A1:EASA1.F:1eas:intern:grst12:alcntr
Tue Feb 14 19:34:36.374 2023 AP06 0 pr:06912.S 6 56 3 al:A2:06912:cem
Tue Feb 14 19:34:37.598 2023 AP06 0 pr:07101.S 6 56 3 al:A2:07101:cem
Tue Feb 14 19:34:37.904 2023 AP06 0 di:AP06:slot02:efc63.F 6 56 3 di:AP06:slot02_FBC.F:efc63
Tue Feb 14 19:34:38.126 2023 AP06 0 di:AP06:slot03:efc63.F 6 56 3 di:AP06:slot03_FBC.F:efc63
Tue Feb 14 19:34:38.159 2023 Launching control tasks...
Tue Feb 14 19:34:39.559 2023 Application server started
Tue Feb 14 19:34:39.559 2023 AP06 0  0 1 0
Tue Feb 14 19:34:39.655 2023 Role = ACTIVATING
Tue Feb 14 19:34:39.656 2023 pvAnnaFbcTiedot: FBC2: m_redYht=0 (redYht=0)
Tue Feb 14 19:34:39.656 2023 Started lid activator helper
Tue Feb 14 19:34:40.557 2023 Role = ACTIVE
Tue Feb 14 19:34:40.557 2023 pvAnnaFbcTiedot: FBC2: m_redYht=0 (redYht=0)
Tue Feb 14 19:34:41.163 2023 Chain size 6000
Tue Feb 14 19:34:47.211 2023 Lost connection to AP05
Tue Feb 14 19:34:47.211 2023 Lost connection to AP05
Tue Feb 14 19:34:47.261 2023 Lost connection to A2A1
Tue Feb 14 19:34:47.261 2023 Lost connection to AP02
Tue Feb 14 19:34:47.261 2023 Lost connection to A2A1
Tue Feb 14 19:34:47.261 2023 Lost connection to AP02
Tue Feb 14 19:34:47.261 2023 Lost connection to AP05
Thu Feb 16 13:29:04.868 2023 Lost connection to AP05
Thu Feb 16 13:29:05.168 2023 Lost connection to AP05
Thu Feb 16 13:29:05.268 2023 Lost connection to AP05
Thu Feb 16 22:48:44.296 2023 ekSender: transmit to AP02m (181032c) fails (0x808f)
Thu Feb 16 22:48:44.327 2023 ekSender: transmit to AP02m (181032c) fails (0x808f)
Thu Feb 16 22:48:44.359 2023 ekSender: transmit to AP02m (181032c) fails (0x808f)
Thu Feb 23 11:14:12.707 2023 Lost connection to A1A1
Thu Feb 23 11:14:13.307 2023 Lost connection to A1A1
Sat Feb 25 12:16:47.429 2023 AP06 16782330 pr:07102.S 6 56 3 al:A2:07102:alm:ackstat
Sat Feb 25 12:16:47.429 2023 AP06 16782330 pr:07102.S 6 56 3 al:A2:07102:cem
Sat Feb 25 12:16:47.429 2023 AP06 16782330 pr:06971.F 6 56 3 sn:A1:EASA1.F:1eas:intern:grst12:unacknr
Sat Feb 25 12:16:47.429 2023 AP06 16782330 pr:06971.F 6 56 3 sn:A1:EASA1.F:1eas:intern:grst12:acknr
Sat Feb 25 12:16:47.430 2023 AP06 16782330 pr:06971.F 6 56 3 sn:A1:EASA1.F:1eas:intern:grst12:alcntr
Sat Feb 25 12:16:47.430 2023 AP06 16782330 pr:06912.S 6 56 3 al:A2:06912:cem
Sat Feb 25 12:16:47.430 2023 AP06 16782330 pr:06912.S 6 56 3 al:A2:06912:alm:ackstat
Sat Feb 25 12:16:47.430 2023 AP06 16782330 pr:07101.S 6 56 3 al:A2:07101:alm:ackstat
Sat Feb 25 12:16:47.430 2023 AP06 16782330 pr:07101.S 6 56 3 al:A2:07101:cem
Sat Feb 25 12:16:47.430 2023 AP06 16782330 di:AP06:slot02:efc63.F 6 56 3 di:AP06:slot02_FBC.F:efc63
Sat Feb 25 12:16:47.430 2023 AP06 16782330 di:AP06:slot03:efc63.F 6 56 3 di:AP06:slot03_FBC.F:efc63
Sat Feb 25 12:16:47.430 2023 AP06 16782330  0 0 0
Fri Sep 26 07:29:00.797 2025 ekSender: transmit to AP02r (3810c2c) fails (0x808f)
Fri Sep 26 07:29:00.819 2025 ekSender: transmit to AP02r (3810c2c) fails (0x808f)
Fri Sep 26 07:29:00.841 2025 ekSender: transmit to AP02r (3810c2c) fails (0x808f)
Fri Sep 26 07:45:05.016 2025 ekSender: transmit to AP02m (1810f2c) fails (0x808f)
Fri Sep 26 07:45:05.038 2025 ekSender: transmit to AP02m (1810f2c) fails (0x808f)
Fri Sep 26 07:45:05.060 2025 ekSender: transmit to AP02m (1810f2c) fails (0x808f)
**** Now the future log: ****
